{
"type":" WARN",
"time":"2016-06-13 15:30:21,222",
"message":"*******************************PROGRAM START*******************************",
"source":"com.tomoparts.tomoBay.MAIN"
},

{
"type":" WARN",
"time":"2016-06-13 15:30:21,864",
"message":"ebay update started",
"source":"com.tomoparts.tomoBay.model.services.basicEbayUpdateService.OnRunning"
},

{
"type":" WARN",
"time":"2016-06-13 15:30:22,409",
"message":"updating: ford",
"source":"com.tomoparts.tomoBay.model.services.basicEbayUpdateService.OnRunning"
},

{
"type":" WARN",
"time":"2016-06-14 17:27:39,087",
"message":"*******************************PROGRAM START*******************************",
"source":"com.tomoparts.tomoBay.MAIN"
},

{
"type":" WARN",
"time":"2016-06-14 17:27:39,812",
"message":"ebay update started",
"source":"com.tomoparts.tomoBay.model.services.basicEbayUpdateService.OnRunning"
},

{
"type":" WARN",
"time":"2016-06-14 17:27:40,648",
"message":"updating: ford",
"source":"com.tomoparts.tomoBay.model.services.basicEbayUpdateService.OnRunning"
},

{
"type":" WARN",
"time":"2016-06-17 09:14:52,885",
"message":"*******************************PROGRAM START*******************************",
"source":"com.tomoparts.tomoBay.MAIN"
},

{
"type":" WARN",
"time":"2016-06-17 09:14:54,291",
"message":"ebay update started",
"source":"com.tomoparts.tomoBay.model.services.basicEbayUpdateService.OnRunning"
},

{
"type":" WARN",
"time":"2016-06-17 09:14:55,427",
"message":"updating: ford",
"source":"com.tomoparts.tomoBay.model.services.basicEbayUpdateService.OnRunning"
},

{
"type":" WARN",
"time":"2016-06-17 09:15:10,626",
"message":"has more orders : false",
"source":"com.tomoparts.tomoBay.model.eBayAPI.OrdersCall"
},

{
"type":" WARN",
"time":"2016-06-17 09:15:14,512",
"message":"updating: psa",
"source":"com.tomoparts.tomoBay.model.services.basicEbayUpdateService.OnRunning"
},

{
"type":" WARN",
"time":"2016-06-17 09:15:24,808",
"message":"has more orders : false",
"source":"com.tomoparts.tomoBay.model.eBayAPI.OrdersCall"
},

{
"type":" WARN",
"time":"2016-06-17 09:15:31,187",
"message":"updating: prestige",
"source":"com.tomoparts.tomoBay.model.services.basicEbayUpdateService.OnRunning"
},

{
"type":" WARN",
"time":"2016-06-17 09:15:32,143",
"message":"has more orders : false",
"source":"com.tomoparts.tomoBay.model.eBayAPI.OrdersCall"
},

{
"type":" WARN",
"time":"2016-06-17 09:15:32,478",
"message":"finished ebay update",
"source":"com.tomoparts.tomoBay.model.services.ServiceScheduler"
},

{
"type":" WARN",
"time":"2016-06-17 09:15:32,504",
"message":"OutOfHoursService paused: still in business hours",
"source":"com.tomoparts.tomoBay.model.services.ServiceScheduler"
},

{
"type":" WARN",
"time":"2016-06-17 09:15:32,507",
"message":"rescan errors started",
"source":"com.tomoparts.tomoBay.model.services.reScanErrorsService.OnRunning"
},

{
"type":"ERROR",
"time":"2016-06-17 09:15:35,076",
"message":"Service Error java.util.concurrent.ExecutionException: java.lang.NullPointerException
	at java.util.concurrent.FutureTask.report(FutureTask.java:122)
	at java.util.concurrent.FutureTask.get(FutureTask.java:192)
	at com.tomoparts.tomoBay.model.services.ServiceScheduler.start(ServiceScheduler.java:78)
	at com.tomoparts.tomoBay.MAIN.main(MAIN.java:45)
Caused by: java.lang.NullPointerException
	at com.tomoparts.tomoBay.model.services.reScanErrorsService.ItemSpecifics.populateMap(ItemSpecifics.java:100)
	at com.tomoparts.tomoBay.model.services.reScanErrorsService.ItemSpecifics.<init>(ItemSpecifics.java:56)
	at com.tomoparts.tomoBay.model.services.reScanErrorsService.OnRunning.execute(OnRunning.java:58)
	at com.tomoparts.tomoBay.model.services.reScanErrorsService.ReScanErrorsService.onRunning(ReScanErrorsService.java:45)
	at com.tomoparts.tomoBay.model.services.AbstractService.call(AbstractService.java:28)
	at com.tomoparts.tomoBay.model.services.AbstractService.call(AbstractService.java:1)
	at java.util.concurrent.FutureTask.run(FutureTask.java:266)
	at java.util.concurrent.ScheduledThreadPoolExecutor$ScheduledFutureTask.access$201(ScheduledThreadPoolExecutor.java:180)
	at java.util.concurrent.ScheduledThreadPoolExecutor$ScheduledFutureTask.run(ScheduledThreadPoolExecutor.java:293)
	at java.util.concurrent.ThreadPoolExecutor.runWorker(ThreadPoolExecutor.java:1142)
	at java.util.concurrent.ThreadPoolExecutor$Worker.run(ThreadPoolExecutor.java:617)
	at java.lang.Thread.run(Thread.java:745)
",
"source":"com.tomoparts.tomoBay.model.services.ServiceScheduler"
},

{
"type":" WARN",
"time":"2016-06-17 09:15:35,077",
"message":"ebay update started",
"source":"com.tomoparts.tomoBay.model.services.basicEbayUpdateService.OnRunning"
},

{
"type":" WARN",
"time":"2016-06-17 09:15:35,077",
"message":"updating: ford",
"source":"com.tomoparts.tomoBay.model.services.basicEbayUpdateService.OnRunning"
},

{
"type":" WARN",
"time":"2016-06-22 11:37:06,539",
"message":"*******************************PROGRAM START*******************************",
"source":"com.tomoparts.tomoBay.MAIN"
},

{
"type":" WARN",
"time":"2016-06-22 11:37:07,392",
"message":"ebay update started",
"source":"com.tomoparts.tomoBay.model.services.basicEbayUpdateService.OnRunning"
},

{
"type":" WARN",
"time":"2016-06-22 11:37:08,108",
"message":"updating: ford",
"source":"com.tomoparts.tomoBay.model.services.basicEbayUpdateService.OnRunning"
},

{
"type":" WARN",
"time":"2016-07-29 11:45:44,963",
"message":"*******************************PROGRAM START*******************************",
"source":"com.tomoparts.tomoBay.MAIN"
},

{
"type":" WARN",
"time":"2016-07-29 11:45:47,615",
"message":"ebay update started",
"source":"com.tomoparts.tomoBay.model.services.basicEbayUpdateService.OnRunning"
},

{
"type":" WARN",
"time":"2016-07-29 11:45:48,654",
"message":"updating: ford",
"source":"com.tomoparts.tomoBay.model.services.basicEbayUpdateService.OnRunning"
},

{
"type":" WARN",
"time":"2016-07-29 11:46:00,408",
"message":"has more orders : false",
"source":"com.tomoparts.tomoBay.model.eBayAPI.OrdersCall"
},

{
"type":" WARN",
"time":"2016-07-29 11:46:01,052",
"message":"updating: psa",
"source":"com.tomoparts.tomoBay.model.services.basicEbayUpdateService.OnRunning"
},

{
"type":" WARN",
"time":"2016-07-29 11:46:07,789",
"message":"has more orders : false",
"source":"com.tomoparts.tomoBay.model.eBayAPI.OrdersCall"
},

{
"type":" WARN",
"time":"2016-07-29 11:46:08,400",
"message":"updating: prestige",
"source":"com.tomoparts.tomoBay.model.services.basicEbayUpdateService.OnRunning"
},

{
"type":" WARN",
"time":"2016-07-29 11:46:10,083",
"message":"has more orders : false",
"source":"com.tomoparts.tomoBay.model.eBayAPI.OrdersCall"
},

{
"type":" WARN",
"time":"2016-07-29 11:46:10,186",
"message":"finished ebay update",
"source":"com.tomoparts.tomoBay.model.services.ServiceScheduler"
},

{
"type":" WARN",
"time":"2016-07-29 11:46:10,262",
"message":"OutOfHoursService paused: still in business hours",
"source":"com.tomoparts.tomoBay.model.services.ServiceScheduler"
},

{
"type":" WARN",
"time":"2016-07-29 11:46:10,338",
"message":"rescan errors started",
"source":"com.tomoparts.tomoBay.model.services.reScanErrorsService.OnRunning"
},

{
"type":"ERROR",
"time":"2016-07-29 11:46:10,623",
"message":"Service Error java.util.concurrent.ExecutionException: java.lang.NullPointerException
	at java.util.concurrent.FutureTask.report(FutureTask.java:122)
	at java.util.concurrent.FutureTask.get(FutureTask.java:192)
	at com.tomoparts.tomoBay.model.services.ServiceScheduler.start(ServiceScheduler.java:78)
	at com.tomoparts.tomoBay.MAIN.main(MAIN.java:45)
Caused by: java.lang.NullPointerException
	at com.tomoparts.tomoBay.model.services.reScanErrorsService.ItemSpecifics.populateMap(ItemSpecifics.java:100)
	at com.tomoparts.tomoBay.model.services.reScanErrorsService.ItemSpecifics.<init>(ItemSpecifics.java:56)
	at com.tomoparts.tomoBay.model.services.reScanErrorsService.OnRunning.execute(OnRunning.java:58)
	at com.tomoparts.tomoBay.model.services.reScanErrorsService.ReScanErrorsService.onRunning(ReScanErrorsService.java:45)
	at com.tomoparts.tomoBay.model.services.AbstractService.call(AbstractService.java:28)
	at com.tomoparts.tomoBay.model.services.AbstractService.call(AbstractService.java:1)
	at java.util.concurrent.FutureTask.run(FutureTask.java:266)
	at java.util.concurrent.ScheduledThreadPoolExecutor$ScheduledFutureTask.access$201(ScheduledThreadPoolExecutor.java:180)
	at java.util.concurrent.ScheduledThreadPoolExecutor$ScheduledFutureTask.run(ScheduledThreadPoolExecutor.java:293)
	at java.util.concurrent.ThreadPoolExecutor.runWorker(ThreadPoolExecutor.java:1142)
	at java.util.concurrent.ThreadPoolExecutor$Worker.run(ThreadPoolExecutor.java:617)
	at java.lang.Thread.run(Thread.java:745)
",
"source":"com.tomoparts.tomoBay.model.services.ServiceScheduler"
},

{
"type":" WARN",
"time":"2016-07-29 11:46:10,623",
"message":"ebay update started",
"source":"com.tomoparts.tomoBay.model.services.basicEbayUpdateService.OnRunning"
},

{
"type":" WARN",
"time":"2016-07-29 11:46:10,623",
"message":"updating: ford",
"source":"com.tomoparts.tomoBay.model.services.basicEbayUpdateService.OnRunning"
},

{
"type":" WARN",
"time":"2016-07-29 11:46:17,030",
"message":"has more orders : false",
"source":"com.tomoparts.tomoBay.model.eBayAPI.OrdersCall"
},

{
"type":" WARN",
"time":"2016-07-29 11:46:17,446",
"message":"updating: psa",
"source":"com.tomoparts.tomoBay.model.services.basicEbayUpdateService.OnRunning"
},

{
"type":" WARN",
"time":"2016-07-29 11:46:28,629",
"message":"has more orders : false",
"source":"com.tomoparts.tomoBay.model.eBayAPI.OrdersCall"
},

{
"type":" WARN",
"time":"2016-07-29 11:46:29,157",
"message":"updating: prestige",
"source":"com.tomoparts.tomoBay.model.services.basicEbayUpdateService.OnRunning"
},

{
"type":" WARN",
"time":"2016-07-29 11:46:30,028",
"message":"has more orders : false",
"source":"com.tomoparts.tomoBay.model.eBayAPI.OrdersCall"
},

{
"type":" WARN",
"time":"2016-07-29 11:46:30,120",
"message":"finished ebay update",
"source":"com.tomoparts.tomoBay.model.services.ServiceScheduler"
},

{
"type":" WARN",
"time":"2016-07-29 11:46:30,194",
"message":"OutOfHoursService paused: still in business hours",
"source":"com.tomoparts.tomoBay.model.services.ServiceScheduler"
},

{
"type":" WARN",
"time":"2016-07-29 11:46:30,209",
"message":"rescan errors started",
"source":"com.tomoparts.tomoBay.model.services.reScanErrorsService.OnRunning"
},

{
"type":"ERROR",
"time":"2016-07-29 11:46:30,489",
"message":"Service Error java.util.concurrent.ExecutionException: java.lang.NullPointerException
	at java.util.concurrent.FutureTask.report(FutureTask.java:122)
	at java.util.concurrent.FutureTask.get(FutureTask.java:192)
	at com.tomoparts.tomoBay.model.services.ServiceScheduler.start(ServiceScheduler.java:78)
	at com.tomoparts.tomoBay.MAIN.main(MAIN.java:45)
Caused by: java.lang.NullPointerException
	at com.tomoparts.tomoBay.model.services.reScanErrorsService.ItemSpecifics.populateMap(ItemSpecifics.java:100)
	at com.tomoparts.tomoBay.model.services.reScanErrorsService.ItemSpecifics.<init>(ItemSpecifics.java:56)
	at com.tomoparts.tomoBay.model.services.reScanErrorsService.OnRunning.execute(OnRunning.java:58)
	at com.tomoparts.tomoBay.model.services.reScanErrorsService.ReScanErrorsService.onRunning(ReScanErrorsService.java:45)
	at com.tomoparts.tomoBay.model.services.AbstractService.call(AbstractService.java:28)
	at com.tomoparts.tomoBay.model.services.AbstractService.call(AbstractService.java:1)
	at java.util.concurrent.FutureTask.run(FutureTask.java:266)
	at java.util.concurrent.ScheduledThreadPoolExecutor$ScheduledFutureTask.access$201(ScheduledThreadPoolExecutor.java:180)
	at java.util.concurrent.ScheduledThreadPoolExecutor$ScheduledFutureTask.run(ScheduledThreadPoolExecutor.java:293)
	at java.util.concurrent.ThreadPoolExecutor.runWorker(ThreadPoolExecutor.java:1142)
	at java.util.concurrent.ThreadPoolExecutor$Worker.run(ThreadPoolExecutor.java:617)
	at java.lang.Thread.run(Thread.java:745)
",
"source":"com.tomoparts.tomoBay.model.services.ServiceScheduler"
},

{
"type":" WARN",
"time":"2016-07-29 11:46:30,489",
"message":"ebay update started",
"source":"com.tomoparts.tomoBay.model.services.basicEbayUpdateService.OnRunning"
},

{
"type":" WARN",
"time":"2016-07-29 11:46:30,489",
"message":"updating: ford",
"source":"com.tomoparts.tomoBay.model.services.basicEbayUpdateService.OnRunning"
},

{
"type":" WARN",
"time":"2016-07-29 11:46:35,348",
"message":"has more orders : false",
"source":"com.tomoparts.tomoBay.model.eBayAPI.OrdersCall"
},

{
"type":" WARN",
"time":"2016-07-29 11:46:35,815",
"message":"updating: psa",
"source":"com.tomoparts.tomoBay.model.services.basicEbayUpdateService.OnRunning"
},

{
"type":" WARN",
"time":"2016-07-29 11:46:44,862",
"message":"has more orders : false",
"source":"com.tomoparts.tomoBay.model.eBayAPI.OrdersCall"
},

{
"type":" WARN",
"time":"2016-07-29 11:46:45,363",
"message":"updating: prestige",
"source":"com.tomoparts.tomoBay.model.services.basicEbayUpdateService.OnRunning"
},

{
"type":" WARN",
"time":"2016-07-29 11:46:46,912",
"message":"has more orders : false",
"source":"com.tomoparts.tomoBay.model.eBayAPI.OrdersCall"
},

{
"type":" WARN",
"time":"2016-07-29 11:46:47,022",
"message":"finished ebay update",
"source":"com.tomoparts.tomoBay.model.services.ServiceScheduler"
},

{
"type":" WARN",
"time":"2016-07-29 11:46:47,052",
"message":"OutOfHoursService paused: still in business hours",
"source":"com.tomoparts.tomoBay.model.services.ServiceScheduler"
},

{
"type":" WARN",
"time":"2016-07-29 11:46:47,054",
"message":"rescan errors started",
"source":"com.tomoparts.tomoBay.model.services.reScanErrorsService.OnRunning"
},

{
"type":"ERROR",
"time":"2016-07-29 11:46:47,369",
"message":"Service Error java.util.concurrent.ExecutionException: java.lang.NullPointerException
	at java.util.concurrent.FutureTask.report(FutureTask.java:122)
	at java.util.concurrent.FutureTask.get(FutureTask.java:192)
	at com.tomoparts.tomoBay.model.services.ServiceScheduler.start(ServiceScheduler.java:78)
	at com.tomoparts.tomoBay.MAIN.main(MAIN.java:45)
Caused by: java.lang.NullPointerException
	at com.tomoparts.tomoBay.model.services.reScanErrorsService.ItemSpecifics.populateMap(ItemSpecifics.java:100)
	at com.tomoparts.tomoBay.model.services.reScanErrorsService.ItemSpecifics.<init>(ItemSpecifics.java:56)
	at com.tomoparts.tomoBay.model.services.reScanErrorsService.OnRunning.execute(OnRunning.java:58)
	at com.tomoparts.tomoBay.model.services.reScanErrorsService.ReScanErrorsService.onRunning(ReScanErrorsService.java:45)
	at com.tomoparts.tomoBay.model.services.AbstractService.call(AbstractService.java:28)
	at com.tomoparts.tomoBay.model.services.AbstractService.call(AbstractService.java:1)
	at java.util.concurrent.FutureTask.run(FutureTask.java:266)
	at java.util.concurrent.ScheduledThreadPoolExecutor$ScheduledFutureTask.access$201(ScheduledThreadPoolExecutor.java:180)
	at java.util.concurrent.ScheduledThreadPoolExecutor$ScheduledFutureTask.run(ScheduledThreadPoolExecutor.java:293)
	at java.util.concurrent.ThreadPoolExecutor.runWorker(ThreadPoolExecutor.java:1142)
	at java.util.concurrent.ThreadPoolExecutor$Worker.run(ThreadPoolExecutor.java:617)
	at java.lang.Thread.run(Thread.java:745)
",
"source":"com.tomoparts.tomoBay.model.services.ServiceScheduler"
},

{
"type":" WARN",
"time":"2016-07-29 11:46:47,369",
"message":"ebay update started",
"source":"com.tomoparts.tomoBay.model.services.basicEbayUpdateService.OnRunning"
},

{
"type":" WARN",
"time":"2016-07-29 11:46:47,370",
"message":"updating: ford",
"source":"com.tomoparts.tomoBay.model.services.basicEbayUpdateService.OnRunning"
},

{
"type":" WARN",
"time":"2016-07-29 11:50:41,887",
"message":"*******************************PROGRAM START*******************************",
"source":"com.tomoparts.tomoBay.MAIN"
},

{
"type":" WARN",
"time":"2016-07-29 11:50:43,576",
"message":"ebay update started",
"source":"com.tomoparts.tomoBay.model.services.basicEbayUpdateService.OnRunning"
},

{
"type":" WARN",
"time":"2016-07-29 11:50:44,417",
"message":"updating: ford",
"source":"com.tomoparts.tomoBay.model.services.basicEbayUpdateService.OnRunning"
},

{
"type":" WARN",
"time":"2016-07-29 11:50:58,882",
"message":"has more orders : false",
"source":"com.tomoparts.tomoBay.model.eBayAPI.OrdersCall"
},

{
"type":" WARN",
"time":"2016-07-29 11:50:59,410",
"message":"updating: psa",
"source":"com.tomoparts.tomoBay.model.services.basicEbayUpdateService.OnRunning"
},

{
"type":" WARN",
"time":"2016-07-29 11:51:09,730",
"message":"has more orders : false",
"source":"com.tomoparts.tomoBay.model.eBayAPI.OrdersCall"
},

{
"type":" WARN",
"time":"2016-07-29 11:51:10,338",
"message":"updating: prestige",
"source":"com.tomoparts.tomoBay.model.services.basicEbayUpdateService.OnRunning"
},

{
"type":" WARN",
"time":"2016-07-29 11:51:11,911",
"message":"has more orders : false",
"source":"com.tomoparts.tomoBay.model.eBayAPI.OrdersCall"
},

{
"type":" WARN",
"time":"2016-07-29 11:51:12,007",
"message":"finished ebay update",
"source":"com.tomoparts.tomoBay.model.services.ServiceScheduler"
},

{
"type":" WARN",
"time":"2016-07-29 11:51:12,057",
"message":"OutOfHoursService paused: still in business hours",
"source":"com.tomoparts.tomoBay.model.services.ServiceScheduler"
},

{
"type":" WARN",
"time":"2016-07-29 11:51:12,059",
"message":"rescan errors started",
"source":"com.tomoparts.tomoBay.model.services.reScanErrorsService.OnRunning"
},

{
"type":" WARN",
"time":"2016-07-29 11:51:12,063",
"message":"rescan errors finished",
"source":"com.tomoparts.tomoBay.model.services.ServiceScheduler"
},

{
"type":" WARN",
"time":"2016-07-29 11:51:12,134",
"message":"check errors started",
"source":"com.tomoparts.tomoBay.model.services.checkErrorsService.OnRunning"
},

{
"type":" WARN",
"time":"2016-07-29 11:51:18,746",
"message":"check errors finished",
"source":"com.tomoparts.tomoBay.model.services.ServiceScheduler"
},

{
"type":" WARN",
"time":"2016-07-29 11:51:18,759",
"message":"email errors started",
"source":"com.tomoparts.tomoBay.model.services.emailErrorsService.OnRunning"
},

{
"type":" WARN",
"time":"2016-07-29 11:51:18,765",
"message":"email errors finished",
"source":"com.tomoparts.tomoBay.model.services.ServiceScheduler"
},

{
"type":" WARN",
"time":"2016-07-29 13:14:16,425",
"message":"*******************************PROGRAM START*******************************",
"source":"com.tomoparts.tomoBay.MAIN"
},

{
"type":" WARN",
"time":"2016-07-29 13:14:17,143",
"message":"ebay update started",
"source":"com.tomoparts.tomoBay.model.services.basicEbayUpdateService.OnRunning"
},

{
"type":" WARN",
"time":"2016-07-29 13:14:17,761",
"message":"updating: ford",
"source":"com.tomoparts.tomoBay.model.services.basicEbayUpdateService.OnRunning"
},

{
"type":" WARN",
"time":"2016-07-29 13:14:57,852",
"message":"*******************************PROGRAM START*******************************",
"source":"com.tomoparts.tomoBay.MAIN"
},

{
"type":" WARN",
"time":"2016-07-29 13:14:58,463",
"message":"ebay update started",
"source":"com.tomoparts.tomoBay.model.services.basicEbayUpdateService.OnRunning"
},

{
"type":" WARN",
"time":"2016-07-29 13:14:59,059",
"message":"updating: ford",
"source":"com.tomoparts.tomoBay.model.services.basicEbayUpdateService.OnRunning"
},

{
"type":" WARN",
"time":"2016-07-29 13:15:14,734",
"message":"*******************************PROGRAM START*******************************",
"source":"com.tomoparts.tomoBay.MAIN"
},

{
"type":" WARN",
"time":"2016-07-29 13:15:15,625",
"message":"ebay update started",
"source":"com.tomoparts.tomoBay.model.services.basicEbayUpdateService.OnRunning"
},

{
"type":" WARN",
"time":"2016-07-29 13:15:16,252",
"message":"updating: ford",
"source":"com.tomoparts.tomoBay.model.services.basicEbayUpdateService.OnRunning"
},

{
"type":" WARN",
"time":"2016-07-29 13:15:27,937",
"message":"has more orders : false",
"source":"com.tomoparts.tomoBay.model.eBayAPI.OrdersCall"
},

{
"type":" WARN",
"time":"2016-07-29 13:15:28,482",
"message":"updating: psa",
"source":"com.tomoparts.tomoBay.model.services.basicEbayUpdateService.OnRunning"
},

{
"type":" WARN",
"time":"2016-07-29 13:15:38,761",
"message":"has more orders : false",
"source":"com.tomoparts.tomoBay.model.eBayAPI.OrdersCall"
},

{
"type":" WARN",
"time":"2016-07-29 13:15:39,645",
"message":"updating: prestige",
"source":"com.tomoparts.tomoBay.model.services.basicEbayUpdateService.OnRunning"
},

{
"type":" WARN",
"time":"2016-07-29 13:15:41,077",
"message":"has more orders : false",
"source":"com.tomoparts.tomoBay.model.eBayAPI.OrdersCall"
},

{
"type":" WARN",
"time":"2016-07-29 13:15:41,183",
"message":"finished ebay update",
"source":"com.tomoparts.tomoBay.model.services.ServiceScheduler"
},

{
"type":" WARN",
"time":"2016-07-29 13:15:41,245",
"message":"OutOfHoursService paused: still in business hours",
"source":"com.tomoparts.tomoBay.model.services.ServiceScheduler"
},

{
"type":" WARN",
"time":"2016-07-29 13:15:41,246",
"message":"rescan errors started",
"source":"com.tomoparts.tomoBay.model.services.reScanErrorsService.OnRunning"
},

{
"type":" WARN",
"time":"2016-07-29 13:15:41,251",
"message":"rescan errors finished",
"source":"com.tomoparts.tomoBay.model.services.ServiceScheduler"
},

{
"type":" WARN",
"time":"2016-07-29 13:15:41,328",
"message":"check errors started",
"source":"com.tomoparts.tomoBay.model.services.checkErrorsService.OnRunning"
},

{
"type":" WARN",
"time":"2016-07-29 13:15:47,466",
"message":"check errors finished",
"source":"com.tomoparts.tomoBay.model.services.ServiceScheduler"
},

{
"type":" WARN",
"time":"2016-07-29 13:15:47,535",
"message":"email errors started",
"source":"com.tomoparts.tomoBay.model.services.emailErrorsService.OnRunning"
},

{
"type":" WARN",
"time":"2016-07-29 13:15:47,540",
"message":"email errors finished",
"source":"com.tomoparts.tomoBay.model.services.ServiceScheduler"
},

{
"type":" WARN",
"time":"2016-07-29 13:17:38,237",
"message":"*******************************PROGRAM START*******************************",
"source":"com.tomoparts.tomoBay.MAIN"
},

{
"type":" WARN",
"time":"2016-07-29 13:17:38,851",
"message":"ebay update started",
"source":"com.tomoparts.tomoBay.model.services.basicEbayUpdateService.OnRunning"
},

{
"type":" WARN",
"time":"2016-07-29 13:17:39,703",
"message":"updating: ford",
"source":"com.tomoparts.tomoBay.model.services.basicEbayUpdateService.OnRunning"
},

{
"type":" WARN",
"time":"2016-07-29 13:20:34,267",
"message":"*******************************PROGRAM START*******************************",
"source":"com.tomoparts.tomoBay.MAIN"
},

{
"type":" WARN",
"time":"2016-07-29 13:20:35,067",
"message":"ebay update started",
"source":"com.tomoparts.tomoBay.model.services.basicEbayUpdateService.OnRunning"
},

{
"type":" WARN",
"time":"2016-07-29 13:20:35,672",
"message":"updating: ford",
"source":"com.tomoparts.tomoBay.model.services.basicEbayUpdateService.OnRunning"
},

{
"type":" WARN",
"time":"2016-07-29 13:20:53,164",
"message":"has more orders : false",
"source":"com.tomoparts.tomoBay.model.eBayAPI.OrdersCall"
},

{
"type":" WARN",
"time":"2016-07-29 13:20:53,768",
"message":"updating: psa",
"source":"com.tomoparts.tomoBay.model.services.basicEbayUpdateService.OnRunning"
},

{
"type":" WARN",
"time":"2016-07-29 13:22:31,883",
"message":"has more orders : false",
"source":"com.tomoparts.tomoBay.model.eBayAPI.OrdersCall"
},

{
"type":" WARN",
"time":"2016-07-29 13:22:32,541",
"message":"updating: prestige",
"source":"com.tomoparts.tomoBay.model.services.basicEbayUpdateService.OnRunning"
},

{
"type":" WARN",
"time":"2016-07-29 13:22:33,498",
"message":"has more orders : false",
"source":"com.tomoparts.tomoBay.model.eBayAPI.OrdersCall"
},

{
"type":" WARN",
"time":"2016-07-29 13:22:33,629",
"message":"finished ebay update",
"source":"com.tomoparts.tomoBay.model.services.ServiceScheduler"
},

{
"type":" WARN",
"time":"2016-07-29 13:22:33,640",
"message":"OutOfHoursService paused",
"source":"com.tomoparts.tomoBay.model.services.ServiceScheduler"
},

{
"type":" WARN",
"time":"2016-07-29 13:22:33,641",
"message":"Paused",
"source":"com.tomoparts.tomoBay.model.services.ServiceScheduler"
},

{
"type":" WARN",
"time":"2016-07-29 13:22:33,641",
"message":"Check Errors Paused",
"source":"com.tomoparts.tomoBay.model.services.ServiceScheduler"
},

{
"type":" WARN",
"time":"2016-07-29 13:22:33,642",
"message":"Email Errors Paused",
"source":"com.tomoparts.tomoBay.model.services.ServiceScheduler"
},

{
"type":" WARN",
"time":"2016-07-29 14:44:28,783",
"message":"*******************************PROGRAM START*******************************",
"source":"com.tomoparts.tomoBay.MAIN"
},

{
"type":" WARN",
"time":"2016-07-29 14:44:30,092",
"message":"ebay update started",
"source":"com.tomoparts.tomoBay.model.services.basicEbayUpdateService.OnRunning"
},

{
"type":" WARN",
"time":"2016-07-29 14:44:30,924",
"message":"updating: ford",
"source":"com.tomoparts.tomoBay.model.services.basicEbayUpdateService.OnRunning"
},

{
"type":" WARN",
"time":"2016-07-29 14:47:34,410",
"message":"*******************************PROGRAM START*******************************",
"source":"com.tomoparts.tomoBay.MAIN"
},

{
"type":" WARN",
"time":"2016-07-29 14:47:35,231",
"message":"ebay update started",
"source":"com.tomoparts.tomoBay.model.services.basicEbayUpdateService.OnRunning"
},

{
"type":" WARN",
"time":"2016-07-29 14:47:35,864",
"message":"updating: ford",
"source":"com.tomoparts.tomoBay.model.services.basicEbayUpdateService.OnRunning"
},

{
"type":" WARN",
"time":"2016-07-29 14:50:15,912",
"message":"*******************************PROGRAM START*******************************",
"source":"com.tomoparts.tomoBay.MAIN"
},

{
"type":" WARN",
"time":"2016-07-29 14:50:19,803",
"message":"ebay update started",
"source":"com.tomoparts.tomoBay.model.services.basicEbayUpdateService.OnRunning"
},

{
"type":" WARN",
"time":"2016-07-29 14:51:36,160",
"message":"*******************************PROGRAM START*******************************",
"source":"com.tomoparts.tomoBay.MAIN"
},

{
"type":" WARN",
"time":"2016-07-29 14:51:36,669",
"message":"ebay update started",
"source":"com.tomoparts.tomoBay.model.services.basicEbayUpdateService.OnRunning"
},

{
"type":" WARN",
"time":"2016-07-29 14:51:37,219",
"message":"updating: ford",
"source":"com.tomoparts.tomoBay.model.services.basicEbayUpdateService.OnRunning"
},

{
"type":" WARN",
"time":"2016-07-29 14:51:52,599",
"message":"has more orders : false",
"source":"com.tomoparts.tomoBay.model.eBayAPI.OrdersCall"
},

{
"type":" WARN",
"time":"2016-07-29 14:51:53,099",
"message":"updating: psa",
"source":"com.tomoparts.tomoBay.model.services.basicEbayUpdateService.OnRunning"
},

{
"type":" WARN",
"time":"2016-07-29 15:00:59,191",
"message":"*******************************PROGRAM START*******************************",
"source":"com.tomoparts.tomoBay.MAIN"
},

{
"type":" WARN",
"time":"2016-07-29 15:00:59,862",
"message":"ebay update started",
"source":"com.tomoparts.tomoBay.model.services.basicEbayUpdateService.OnRunning"
},

{
"type":" WARN",
"time":"2016-07-29 15:01:00,507",
"message":"updating: ford",
"source":"com.tomoparts.tomoBay.model.services.basicEbayUpdateService.OnRunning"
},

{
"type":" WARN",
"time":"2016-07-29 15:03:20,239",
"message":"*******************************PROGRAM START*******************************",
"source":"com.tomoparts.tomoBay.MAIN"
},

{
"type":" WARN",
"time":"2016-07-29 15:03:20,855",
"message":"ebay update started",
"source":"com.tomoparts.tomoBay.model.services.basicEbayUpdateService.OnRunning"
},

{
"type":" WARN",
"time":"2016-07-29 15:03:21,547",
"message":"updating: ford",
"source":"com.tomoparts.tomoBay.model.services.basicEbayUpdateService.OnRunning"
},

{
"type":" WARN",
"time":"2016-07-29 15:03:32,210",
"message":"has more orders : false",
"source":"com.tomoparts.tomoBay.model.eBayAPI.OrdersCall"
},

{
"type":" WARN",
"time":"2016-07-29 15:03:32,613",
"message":"updating: psa",
"source":"com.tomoparts.tomoBay.model.services.basicEbayUpdateService.OnRunning"
},

{
"type":" WARN",
"time":"2016-07-29 15:08:40,544",
"message":"*******************************PROGRAM START*******************************",
"source":"com.tomoparts.tomoBay.MAIN"
},

{
"type":" WARN",
"time":"2016-07-29 15:08:41,372",
"message":"ebay update started",
"source":"com.tomoparts.tomoBay.model.services.basicEbayUpdateService.OnRunning"
},

{
"type":" WARN",
"time":"2016-07-29 15:08:41,916",
"message":"updating: ford",
"source":"com.tomoparts.tomoBay.model.services.basicEbayUpdateService.OnRunning"
},

{
"type":" WARN",
"time":"2016-07-29 15:08:53,740",
"message":"has more orders : false",
"source":"com.tomoparts.tomoBay.model.eBayAPI.OrdersCall"
},

{
"type":" WARN",
"time":"2016-07-29 15:08:54,127",
"message":"updating: psa",
"source":"com.tomoparts.tomoBay.model.services.basicEbayUpdateService.OnRunning"
},

{
"type":" WARN",
"time":"2016-07-29 15:09:03,312",
"message":"has more orders : false",
"source":"com.tomoparts.tomoBay.model.eBayAPI.OrdersCall"
},

{
"type":" WARN",
"time":"2016-07-29 15:09:03,921",
"message":"updating: prestige",
"source":"com.tomoparts.tomoBay.model.services.basicEbayUpdateService.OnRunning"
},

{
"type":" WARN",
"time":"2016-07-29 15:09:05,016",
"message":"has more orders : false",
"source":"com.tomoparts.tomoBay.model.eBayAPI.OrdersCall"
},

{
"type":" WARN",
"time":"2016-07-29 15:09:05,094",
"message":"finished ebay update",
"source":"com.tomoparts.tomoBay.model.services.ServiceScheduler"
},

{
"type":" WARN",
"time":"2016-07-29 15:09:05,144",
"message":"OutOfHoursService paused: still in business hours",
"source":"com.tomoparts.tomoBay.model.services.ServiceScheduler"
},

{
"type":" WARN",
"time":"2016-07-29 15:09:05,147",
"message":"rescan errors started",
"source":"com.tomoparts.tomoBay.model.services.reScanErrorsService.OnRunning"
},

{
"type":" WARN",
"time":"2016-07-29 15:09:05,152",
"message":"rescan errors finished",
"source":"com.tomoparts.tomoBay.model.services.ServiceScheduler"
},

{
"type":" WARN",
"time":"2016-07-29 15:09:05,155",
"message":"check errors started",
"source":"com.tomoparts.tomoBay.model.services.checkErrorsService.OnRunning"
},

{
"type":" WARN",
"time":"2016-07-29 15:09:11,480",
"message":"check errors finished",
"source":"com.tomoparts.tomoBay.model.services.ServiceScheduler"
},

{
"type":" WARN",
"time":"2016-07-29 15:09:11,481",
"message":"email errors started",
"source":"com.tomoparts.tomoBay.model.services.emailErrorsService.OnRunning"
},

{
"type":" WARN",
"time":"2016-07-29 15:09:11,486",
"message":"email errors finished",
"source":"com.tomoparts.tomoBay.model.services.ServiceScheduler"
},

{
"type":" WARN",
"time":"2016-07-29 15:15:26,960",
"message":"*******************************PROGRAM START*******************************",
"source":"com.tomoparts.tomoBay.MAIN"
},

{
"type":" WARN",
"time":"2016-07-29 15:15:27,620",
"message":"ebay update started",
"source":"com.tomoparts.tomoBay.model.services.basicEbayUpdateService.OnRunning"
},

{
"type":" WARN",
"time":"2016-07-29 15:15:28,331",
"message":"updating: ford",
"source":"com.tomoparts.tomoBay.model.services.basicEbayUpdateService.OnRunning"
},

{
"type":" WARN",
"time":"2016-07-29 15:15:55,461",
"message":"*******************************PROGRAM START*******************************",
"source":"com.tomoparts.tomoBay.MAIN"
},

{
"type":" WARN",
"time":"2016-07-29 15:15:56,304",
"message":"ebay update started",
"source":"com.tomoparts.tomoBay.model.services.basicEbayUpdateService.OnRunning"
},

{
"type":" WARN",
"time":"2016-07-29 15:15:56,891",
"message":"updating: ford",
"source":"com.tomoparts.tomoBay.model.services.basicEbayUpdateService.OnRunning"
},

{
"type":" WARN",
"time":"2016-07-29 15:16:14,401",
"message":"has more orders : false",
"source":"com.tomoparts.tomoBay.model.eBayAPI.OrdersCall"
},

{
"type":" WARN",
"time":"2016-07-29 15:16:14,872",
"message":"updating: psa",
"source":"com.tomoparts.tomoBay.model.services.basicEbayUpdateService.OnRunning"
},

{
"type":" WARN",
"time":"2016-07-29 15:16:22,267",
"message":"has more orders : false",
"source":"com.tomoparts.tomoBay.model.eBayAPI.OrdersCall"
},

{
"type":" WARN",
"time":"2016-07-29 15:16:22,773",
"message":"updating: prestige",
"source":"com.tomoparts.tomoBay.model.services.basicEbayUpdateService.OnRunning"
},

{
"type":" WARN",
"time":"2016-07-29 15:16:23,755",
"message":"has more orders : false",
"source":"com.tomoparts.tomoBay.model.eBayAPI.OrdersCall"
},

{
"type":" WARN",
"time":"2016-07-29 15:16:23,812",
"message":"finished ebay update",
"source":"com.tomoparts.tomoBay.model.services.ServiceScheduler"
},

{
"type":" WARN",
"time":"2016-07-29 15:16:23,837",
"message":"OutOfHoursService paused: still in business hours",
"source":"com.tomoparts.tomoBay.model.services.ServiceScheduler"
},

{
"type":" WARN",
"time":"2016-07-29 15:16:23,839",
"message":"rescan errors started",
"source":"com.tomoparts.tomoBay.model.services.reScanErrorsService.OnRunning"
},

{
"type":" WARN",
"time":"2016-07-29 15:16:23,844",
"message":"rescan errors finished",
"source":"com.tomoparts.tomoBay.model.services.ServiceScheduler"
},

{
"type":" WARN",
"time":"2016-07-29 15:16:23,850",
"message":"check errors started",
"source":"com.tomoparts.tomoBay.model.services.checkErrorsService.OnRunning"
},

{
"type":" WARN",
"time":"2016-07-29 15:16:30,033",
"message":"check errors finished",
"source":"com.tomoparts.tomoBay.model.services.ServiceScheduler"
},

{
"type":" WARN",
"time":"2016-07-29 15:16:30,036",
"message":"email errors started",
"source":"com.tomoparts.tomoBay.model.services.emailErrorsService.OnRunning"
},

{
"type":" WARN",
"time":"2016-07-29 15:16:30,041",
"message":"email errors finished",
"source":"com.tomoparts.tomoBay.model.services.ServiceScheduler"
},

{
"type":" WARN",
"time":"2016-07-29 15:18:40,586",
"message":"*******************************PROGRAM START*******************************",
"source":"com.tomoparts.tomoBay.MAIN"
},

{
"type":" WARN",
"time":"2016-07-29 15:18:41,144",
"message":"ebay update started",
"source":"com.tomoparts.tomoBay.model.services.basicEbayUpdateService.OnRunning"
},

{
"type":" WARN",
"time":"2016-07-29 15:18:41,687",
"message":"updating: ford",
"source":"com.tomoparts.tomoBay.model.services.basicEbayUpdateService.OnRunning"
},

{
"type":" WARN",
"time":"2016-08-02 09:39:06,509",
"message":"*******************************PROGRAM START*******************************",
"source":"com.tomoparts.tomoBay.MAIN"
},

{
"type":" WARN",
"time":"2016-08-02 09:39:07,442",
"message":"ebay update started",
"source":"com.tomoparts.tomoBay.model.services.basicEbayUpdateService.OnRunning"
},

{
"type":" WARN",
"time":"2016-08-02 09:39:08,298",
"message":"updating: ford",
"source":"com.tomoparts.tomoBay.model.services.basicEbayUpdateService.OnRunning"
},

{
"type":" WARN",
"time":"2016-08-02 09:39:26,186",
"message":"has more orders : false",
"source":"com.tomoparts.tomoBay.model.eBayAPI.OrdersCall"
},

{
"type":" WARN",
"time":"2016-08-02 09:39:27,125",
"message":"updating: psa",
"source":"com.tomoparts.tomoBay.model.services.basicEbayUpdateService.OnRunning"
},

{
"type":" WARN",
"time":"2016-08-02 09:39:39,421",
"message":"has more orders : true",
"source":"com.tomoparts.tomoBay.model.eBayAPI.OrdersCall"
},

{
"type":" WARN",
"time":"2016-08-02 09:39:48,042",
"message":"has more orders : false",
"source":"com.tomoparts.tomoBay.model.eBayAPI.OrdersCall"
},

{
"type":" WARN",
"time":"2016-08-02 09:39:49,029",
"message":"updating: prestige",
"source":"com.tomoparts.tomoBay.model.services.basicEbayUpdateService.OnRunning"
},

{
"type":" WARN",
"time":"2016-08-02 09:39:51,358",
"message":"has more orders : false",
"source":"com.tomoparts.tomoBay.model.eBayAPI.OrdersCall"
},

{
"type":" WARN",
"time":"2016-08-02 09:39:51,518",
"message":"finished ebay update",
"source":"com.tomoparts.tomoBay.model.services.ServiceScheduler"
},

{
"type":" WARN",
"time":"2016-08-02 09:39:51,610",
"message":"OutOfHoursService paused: still in business hours",
"source":"com.tomoparts.tomoBay.model.services.ServiceScheduler"
},

{
"type":" WARN",
"time":"2016-08-02 09:39:51,672",
"message":"rescan errors started",
"source":"com.tomoparts.tomoBay.model.services.reScanErrorsService.OnRunning"
},

{
"type":" WARN",
"time":"2016-08-02 09:39:51,693",
"message":"rescan errors finished",
"source":"com.tomoparts.tomoBay.model.services.ServiceScheduler"
},

{
"type":" WARN",
"time":"2016-08-02 09:39:51,710",
"message":"check errors started",
"source":"com.tomoparts.tomoBay.model.services.checkErrorsService.OnRunning"
},

{
"type":" WARN",
"time":"2016-08-02 09:39:58,463",
"message":"check errors finished",
"source":"com.tomoparts.tomoBay.model.services.ServiceScheduler"
},

{
"type":" WARN",
"time":"2016-08-02 09:39:58,465",
"message":"email errors started",
"source":"com.tomoparts.tomoBay.model.services.emailErrorsService.OnRunning"
},

{
"type":" WARN",
"time":"2016-08-02 09:39:58,471",
"message":"email errors finished",
"source":"com.tomoparts.tomoBay.model.services.ServiceScheduler"
},

{
"type":" WARN",
"time":"2016-08-02 09:59:58,475",
"message":"ebay update started",
"source":"com.tomoparts.tomoBay.model.services.basicEbayUpdateService.OnRunning"
},

{
"type":" WARN",
"time":"2016-08-02 09:59:58,476",
"message":"updating: ford",
"source":"com.tomoparts.tomoBay.model.services.basicEbayUpdateService.OnRunning"
},

{
"type":" WARN",
"time":"2016-08-02 10:00:05,618",
"message":"has more orders : false",
"source":"com.tomoparts.tomoBay.model.eBayAPI.OrdersCall"
},

{
"type":" WARN",
"time":"2016-08-02 10:00:06,036",
"message":"updating: psa",
"source":"com.tomoparts.tomoBay.model.services.basicEbayUpdateService.OnRunning"
},

{
"type":" WARN",
"time":"2016-08-02 10:00:12,519",
"message":"has more orders : true",
"source":"com.tomoparts.tomoBay.model.eBayAPI.OrdersCall"
},

{
"type":" WARN",
"time":"2016-08-02 10:00:21,115",
"message":"has more orders : false",
"source":"com.tomoparts.tomoBay.model.eBayAPI.OrdersCall"
},

{
"type":" WARN",
"time":"2016-08-02 10:00:21,916",
"message":"updating: prestige",
"source":"com.tomoparts.tomoBay.model.services.basicEbayUpdateService.OnRunning"
},

{
"type":" WARN",
"time":"2016-08-02 10:00:23,991",
"message":"has more orders : false",
"source":"com.tomoparts.tomoBay.model.eBayAPI.OrdersCall"
},

{
"type":" WARN",
"time":"2016-08-02 10:00:24,098",
"message":"finished ebay update",
"source":"com.tomoparts.tomoBay.model.services.ServiceScheduler"
},

{
"type":" WARN",
"time":"2016-08-02 10:00:24,117",
"message":"OutOfHoursService paused: still in business hours",
"source":"com.tomoparts.tomoBay.model.services.ServiceScheduler"
},

{
"type":" WARN",
"time":"2016-08-02 10:00:24,118",
"message":"rescan errors started",
"source":"com.tomoparts.tomoBay.model.services.reScanErrorsService.OnRunning"
},

{
"type":" WARN",
"time":"2016-08-02 10:00:24,121",
"message":"rescan errors finished",
"source":"com.tomoparts.tomoBay.model.services.ServiceScheduler"
},

{
"type":" WARN",
"time":"2016-08-02 10:00:24,122",
"message":"check errors started",
"source":"com.tomoparts.tomoBay.model.services.checkErrorsService.OnRunning"
},

{
"type":" WARN",
"time":"2016-08-02 10:00:29,573",
"message":"check errors finished",
"source":"com.tomoparts.tomoBay.model.services.ServiceScheduler"
},

{
"type":" WARN",
"time":"2016-08-02 10:00:29,574",
"message":"email errors started",
"source":"com.tomoparts.tomoBay.model.services.emailErrorsService.OnRunning"
},

{
"type":" WARN",
"time":"2016-08-02 10:00:29,578",
"message":"email errors finished",
"source":"com.tomoparts.tomoBay.model.services.ServiceScheduler"
},

{
"type":" WARN",
"time":"2016-08-02 10:20:29,578",
"message":"ebay update started",
"source":"com.tomoparts.tomoBay.model.services.basicEbayUpdateService.OnRunning"
},

{
"type":" WARN",
"time":"2016-08-02 10:20:29,579",
"message":"updating: ford",
"source":"com.tomoparts.tomoBay.model.services.basicEbayUpdateService.OnRunning"
},

{
"type":" WARN",
"time":"2016-08-02 10:20:35,331",
"message":"has more orders : false",
"source":"com.tomoparts.tomoBay.model.eBayAPI.OrdersCall"
},

{
"type":" WARN",
"time":"2016-08-02 10:20:35,739",
"message":"updating: psa",
"source":"com.tomoparts.tomoBay.model.services.basicEbayUpdateService.OnRunning"
},

{
"type":" WARN",
"time":"2016-08-02 10:20:47,775",
"message":"has more orders : true",
"source":"com.tomoparts.tomoBay.model.eBayAPI.OrdersCall"
},

{
"type":" WARN",
"time":"2016-08-02 10:20:54,777",
"message":"has more orders : false",
"source":"com.tomoparts.tomoBay.model.eBayAPI.OrdersCall"
},

{
"type":" WARN",
"time":"2016-08-02 10:20:55,640",
"message":"updating: prestige",
"source":"com.tomoparts.tomoBay.model.services.basicEbayUpdateService.OnRunning"
},

{
"type":" WARN",
"time":"2016-08-02 10:20:56,587",
"message":"has more orders : false",
"source":"com.tomoparts.tomoBay.model.eBayAPI.OrdersCall"
},

{
"type":" WARN",
"time":"2016-08-02 10:20:56,685",
"message":"finished ebay update",
"source":"com.tomoparts.tomoBay.model.services.ServiceScheduler"
},

{
"type":" WARN",
"time":"2016-08-02 10:20:56,699",
"message":"OutOfHoursService paused: still in business hours",
"source":"com.tomoparts.tomoBay.model.services.ServiceScheduler"
},

{
"type":" WARN",
"time":"2016-08-02 10:20:56,730",
"message":"rescan errors started",
"source":"com.tomoparts.tomoBay.model.services.reScanErrorsService.OnRunning"
},

{
"type":" WARN",
"time":"2016-08-02 10:20:56,735",
"message":"rescan errors finished",
"source":"com.tomoparts.tomoBay.model.services.ServiceScheduler"
},

{
"type":" WARN",
"time":"2016-08-02 10:20:56,736",
"message":"check errors started",
"source":"com.tomoparts.tomoBay.model.services.checkErrorsService.OnRunning"
},

{
"type":" WARN",
"time":"2016-08-02 10:21:01,733",
"message":"check errors finished",
"source":"com.tomoparts.tomoBay.model.services.ServiceScheduler"
},

{
"type":" WARN",
"time":"2016-08-02 10:21:01,734",
"message":"email errors started",
"source":"com.tomoparts.tomoBay.model.services.emailErrorsService.OnRunning"
},

{
"type":" WARN",
"time":"2016-08-02 10:21:01,737",
"message":"email errors finished",
"source":"com.tomoparts.tomoBay.model.services.ServiceScheduler"
},

{
"type":" WARN",
"time":"2016-08-02 12:58:20,086",
"message":"*******************************PROGRAM START*******************************",
"source":"com.tomoparts.tomoBay.MAIN"
},

{
"type":" WARN",
"time":"2016-08-02 12:58:22,715",
"message":"ebay update started",
"source":"com.tomoparts.tomoBay.model.services.basicEbayUpdateService.OnRunning"
},

{
"type":" WARN",
"time":"2016-08-02 12:58:24,157",
"message":"updating: ford",
"source":"com.tomoparts.tomoBay.model.services.basicEbayUpdateService.OnRunning"
},

{
"type":" WARN",
"time":"2016-08-02 12:58:39,525",
"message":"has more orders : false",
"source":"com.tomoparts.tomoBay.model.eBayAPI.OrdersCall"
},

{
"type":" WARN",
"time":"2016-08-02 12:58:40,858",
"message":"updating: psa",
"source":"com.tomoparts.tomoBay.model.services.basicEbayUpdateService.OnRunning"
},

{
"type":" WARN",
"time":"2016-08-02 12:58:52,265",
"message":"has more orders : true",
"source":"com.tomoparts.tomoBay.model.eBayAPI.OrdersCall"
},

{
"type":" WARN",
"time":"2016-08-02 12:58:54,350",
"message":"has more orders : false",
"source":"com.tomoparts.tomoBay.model.eBayAPI.OrdersCall"
},

{
"type":" WARN",
"time":"2016-08-02 12:58:55,583",
"message":"updating: prestige",
"source":"com.tomoparts.tomoBay.model.services.basicEbayUpdateService.OnRunning"
},

{
"type":" WARN",
"time":"2016-08-02 12:58:57,540",
"message":"has more orders : false",
"source":"com.tomoparts.tomoBay.model.eBayAPI.OrdersCall"
},

{
"type":" WARN",
"time":"2016-08-02 12:58:57,702",
"message":"finished ebay update",
"source":"com.tomoparts.tomoBay.model.services.ServiceScheduler"
},

{
"type":" WARN",
"time":"2016-08-02 12:58:57,739",
"message":"OutOfHoursService paused: still in business hours",
"source":"com.tomoparts.tomoBay.model.services.ServiceScheduler"
},

{
"type":" WARN",
"time":"2016-08-02 12:58:57,800",
"message":"rescan errors started",
"source":"com.tomoparts.tomoBay.model.services.reScanErrorsService.OnRunning"
},

{
"type":" WARN",
"time":"2016-08-02 12:58:57,821",
"message":"rescan errors finished",
"source":"com.tomoparts.tomoBay.model.services.ServiceScheduler"
},

{
"type":" WARN",
"time":"2016-08-02 12:58:57,837",
"message":"check errors started",
"source":"com.tomoparts.tomoBay.model.services.checkErrorsService.OnRunning"
},

{
"type":" WARN",
"time":"2016-08-02 12:59:04,967",
"message":"check errors finished",
"source":"com.tomoparts.tomoBay.model.services.ServiceScheduler"
},

{
"type":" WARN",
"time":"2016-08-02 12:59:04,988",
"message":"email errors started",
"source":"com.tomoparts.tomoBay.model.services.emailErrorsService.OnRunning"
},

{
"type":" WARN",
"time":"2016-08-02 12:59:04,993",
"message":"email errors finished",
"source":"com.tomoparts.tomoBay.model.services.ServiceScheduler"
},

{
"type":" WARN",
"time":"2016-08-03 09:02:36,035",
"message":"*******************************PROGRAM START*******************************",
"source":"com.tomoparts.tomoBay.MAIN"
},

{
"type":" WARN",
"time":"2016-08-03 09:02:36,911",
"message":"ebay update started",
"source":"com.tomoparts.tomoBay.model.services.basicEbayUpdateService.OnRunning"
},

{
"type":" WARN",
"time":"2016-08-03 09:02:38,118",
"message":"updating: ford",
"source":"com.tomoparts.tomoBay.model.services.basicEbayUpdateService.OnRunning"
},

{
"type":" WARN",
"time":"2016-08-03 09:02:55,527",
"message":"has more orders : false",
"source":"com.tomoparts.tomoBay.model.eBayAPI.OrdersCall"
},

{
"type":" WARN",
"time":"2016-08-03 09:02:56,826",
"message":"updating: psa",
"source":"com.tomoparts.tomoBay.model.services.basicEbayUpdateService.OnRunning"
},

{
"type":" WARN",
"time":"2016-08-03 09:03:22,483",
"message":"*******************************PROGRAM START*******************************",
"source":"com.tomoparts.tomoBay.MAIN"
},

