{
"type":" INFO",
"time":"2016-06-13 14:15:45,834",
"message":"MLog clients using log4j logging.",
"source":"com.mchange.v2.log.MLog"
},

{
"type":" INFO",
"time":"2016-06-13 14:15:45,855",
"message":"Initializing c3p0-0.9.0.4 [built 23-January-2006 22:20:29 -0500; debug? true; trace: 10]",
"source":"com.mchange.v2.c3p0.C3P0Registry"
},

{
"type":" INFO",
"time":"2016-06-13 14:15:46,080",
"message":"Initializing c3p0 pool... com.mchange.v2.c3p0.ComboPooledDataSource@811e051[ acquireIncrement -> 5, acquireRetryAttempts -> 30, acquireRetryDelay -> 1000, autoCommitOnClose -> false, automaticTestTable -> null, breakAfterAcquireFailure -> false, checkoutTimeout -> 0, connectionTesterClassName -> com.mchange.v2.c3p0.impl.DefaultConnectionTester, description -> null, driverClass -> com.mysql.cj.jdbc.Driver, factoryClassLocation -> null, forceIgnoreUnresolvedTransactions -> false, identityToken -> 811e051, idleConnectionTestPeriod -> -1, initialPoolSize -> 3, jdbcUrl -> jdbc:mysql://192.168.0.202:3306/ebay_stopgap, loginTimeout -> 0, maxIdleTime -> 0, maxPoolSize -> 20, maxStatements -> 180, maxStatementsPerConnection -> 0, minPoolSize -> 3, numHelperThreads -> 3, preferredTestQuery -> null, properties -> {user=******, password=******}, propertyCycle -> 300, testConnectionOnCheckin -> false, testConnectionOnCheckout -> false, usesTraditionalReflectiveProxies -> false ]",
"source":"com.mchange.v2.c3p0.PoolBackedDataSource"
},

{
"type":" INFO",
"time":"2016-06-13 14:40:15,674",
"message":"MLog clients using log4j logging.",
"source":"com.mchange.v2.log.MLog"
},

{
"type":" INFO",
"time":"2016-06-13 14:40:15,694",
"message":"Initializing c3p0-0.9.0.4 [built 23-January-2006 22:20:29 -0500; debug? true; trace: 10]",
"source":"com.mchange.v2.c3p0.C3P0Registry"
},

{
"type":" INFO",
"time":"2016-06-13 14:45:16,265",
"message":"MLog clients using log4j logging.",
"source":"com.mchange.v2.log.MLog"
},

{
"type":" INFO",
"time":"2016-06-13 14:45:16,282",
"message":"Initializing c3p0-0.9.0.4 [built 23-January-2006 22:20:29 -0500; debug? true; trace: 10]",
"source":"com.mchange.v2.c3p0.C3P0Registry"
},

{
"type":" INFO",
"time":"2016-06-13 14:45:16,495",
"message":"Initializing c3p0 pool... com.mchange.v2.c3p0.ComboPooledDataSource@44c211c6[ acquireIncrement -> 5, acquireRetryAttempts -> 30, acquireRetryDelay -> 1000, autoCommitOnClose -> false, automaticTestTable -> null, breakAfterAcquireFailure -> false, checkoutTimeout -> 0, connectionTesterClassName -> com.mchange.v2.c3p0.impl.DefaultConnectionTester, description -> null, driverClass -> com.mysql.cj.jdbc.Driver, factoryClassLocation -> null, forceIgnoreUnresolvedTransactions -> false, identityToken -> 44c211c6, idleConnectionTestPeriod -> -1, initialPoolSize -> 3, jdbcUrl -> jdbc:mysql://192.168.0.202:3306/ebay_stopgap, loginTimeout -> 0, maxIdleTime -> 0, maxPoolSize -> 20, maxStatements -> 180, maxStatementsPerConnection -> 0, minPoolSize -> 3, numHelperThreads -> 3, preferredTestQuery -> null, properties -> {user=******, password=******}, propertyCycle -> 300, testConnectionOnCheckin -> false, testConnectionOnCheckout -> false, usesTraditionalReflectiveProxies -> false ]",
"source":"com.mchange.v2.c3p0.PoolBackedDataSource"
},

{
"type":" INFO",
"time":"2016-06-13 14:53:58,453",
"message":"MLog clients using log4j logging.",
"source":"com.mchange.v2.log.MLog"
},

{
"type":" INFO",
"time":"2016-06-13 14:53:58,473",
"message":"Initializing c3p0-0.9.0.4 [built 23-January-2006 22:20:29 -0500; debug? true; trace: 10]",
"source":"com.mchange.v2.c3p0.C3P0Registry"
},

{
"type":" INFO",
"time":"2016-06-13 14:53:58,758",
"message":"Initializing c3p0 pool... com.mchange.v2.c3p0.ComboPooledDataSource@44c211c6[ acquireIncrement -> 5, acquireRetryAttempts -> 30, acquireRetryDelay -> 1000, autoCommitOnClose -> false, automaticTestTable -> null, breakAfterAcquireFailure -> false, checkoutTimeout -> 0, connectionTesterClassName -> com.mchange.v2.c3p0.impl.DefaultConnectionTester, description -> null, driverClass -> com.mysql.cj.jdbc.Driver, factoryClassLocation -> null, forceIgnoreUnresolvedTransactions -> false, identityToken -> 44c211c6, idleConnectionTestPeriod -> -1, initialPoolSize -> 3, jdbcUrl -> jdbc:mysql://192.168.0.202:3306/ebay_stopgap, loginTimeout -> 0, maxIdleTime -> 0, maxPoolSize -> 20, maxStatements -> 180, maxStatementsPerConnection -> 0, minPoolSize -> 3, numHelperThreads -> 3, preferredTestQuery -> null, properties -> {user=******, password=******}, propertyCycle -> 300, testConnectionOnCheckin -> false, testConnectionOnCheckout -> false, usesTraditionalReflectiveProxies -> false ]",
"source":"com.mchange.v2.c3p0.PoolBackedDataSource"
},

{
"type":" INFO",
"time":"2016-06-13 15:11:49,128",
"message":"MLog clients using log4j logging.",
"source":"com.mchange.v2.log.MLog"
},

{
"type":" INFO",
"time":"2016-06-13 15:11:49,145",
"message":"Initializing c3p0-0.9.0.4 [built 23-January-2006 22:20:29 -0500; debug? true; trace: 10]",
"source":"com.mchange.v2.c3p0.C3P0Registry"
},

{
"type":" INFO",
"time":"2016-06-13 15:11:49,402",
"message":"Initializing c3p0 pool... com.mchange.v2.c3p0.ComboPooledDataSource@8cd4637[ acquireIncrement -> 5, acquireRetryAttempts -> 30, acquireRetryDelay -> 1000, autoCommitOnClose -> false, automaticTestTable -> null, breakAfterAcquireFailure -> false, checkoutTimeout -> 0, connectionTesterClassName -> com.mchange.v2.c3p0.impl.DefaultConnectionTester, description -> null, driverClass -> com.mysql.cj.jdbc.Driver, factoryClassLocation -> null, forceIgnoreUnresolvedTransactions -> false, identityToken -> 8cd4637, idleConnectionTestPeriod -> -1, initialPoolSize -> 3, jdbcUrl -> jdbc:mysql://192.168.0.202:3306/ebay_stopgap, loginTimeout -> 0, maxIdleTime -> 0, maxPoolSize -> 20, maxStatements -> 180, maxStatementsPerConnection -> 0, minPoolSize -> 3, numHelperThreads -> 3, preferredTestQuery -> null, properties -> {user=******, password=******}, propertyCycle -> 300, testConnectionOnCheckin -> false, testConnectionOnCheckout -> false, usesTraditionalReflectiveProxies -> false ]",
"source":"com.mchange.v2.c3p0.PoolBackedDataSource"
},

{
"type":" INFO",
"time":"2016-06-13 15:21:43,893",
"message":"MLog clients using log4j logging.",
"source":"com.mchange.v2.log.MLog"
},

{
"type":" INFO",
"time":"2016-06-13 15:21:43,915",
"message":"Initializing c3p0-0.9.0.4 [built 23-January-2006 22:20:29 -0500; debug? true; trace: 10]",
"source":"com.mchange.v2.c3p0.C3P0Registry"
},

{
"type":" INFO",
"time":"2016-06-13 15:21:44,116",
"message":"Initializing c3p0 pool... com.mchange.v2.c3p0.ComboPooledDataSource@3733e7f8[ acquireIncrement -> 5, acquireRetryAttempts -> 30, acquireRetryDelay -> 1000, autoCommitOnClose -> false, automaticTestTable -> null, breakAfterAcquireFailure -> false, checkoutTimeout -> 0, connectionTesterClassName -> com.mchange.v2.c3p0.impl.DefaultConnectionTester, description -> null, driverClass -> com.mysql.cj.jdbc.Driver, factoryClassLocation -> null, forceIgnoreUnresolvedTransactions -> false, identityToken -> 3733e7f8, idleConnectionTestPeriod -> -1, initialPoolSize -> 3, jdbcUrl -> jdbc:mysql://192.168.0.202:3306/ebay_stopgap, loginTimeout -> 0, maxIdleTime -> 0, maxPoolSize -> 20, maxStatements -> 180, maxStatementsPerConnection -> 0, minPoolSize -> 3, numHelperThreads -> 3, preferredTestQuery -> null, properties -> {user=******, password=******}, propertyCycle -> 300, testConnectionOnCheckin -> false, testConnectionOnCheckout -> false, usesTraditionalReflectiveProxies -> false ]",
"source":"com.mchange.v2.c3p0.PoolBackedDataSource"
},

{
"type":" INFO",
"time":"2016-06-13 15:22:47,201",
"message":"MLog clients using log4j logging.",
"source":"com.mchange.v2.log.MLog"
},

{
"type":" INFO",
"time":"2016-06-13 15:22:47,217",
"message":"Initializing c3p0-0.9.0.4 [built 23-January-2006 22:20:29 -0500; debug? true; trace: 10]",
"source":"com.mchange.v2.c3p0.C3P0Registry"
},

{
"type":" INFO",
"time":"2016-06-13 15:22:47,408",
"message":"Initializing c3p0 pool... com.mchange.v2.c3p0.ComboPooledDataSource@14216f17[ acquireIncrement -> 5, acquireRetryAttempts -> 30, acquireRetryDelay -> 1000, autoCommitOnClose -> false, automaticTestTable -> null, breakAfterAcquireFailure -> false, checkoutTimeout -> 0, connectionTesterClassName -> com.mchange.v2.c3p0.impl.DefaultConnectionTester, description -> null, driverClass -> com.mysql.cj.jdbc.Driver, factoryClassLocation -> null, forceIgnoreUnresolvedTransactions -> false, identityToken -> 14216f17, idleConnectionTestPeriod -> -1, initialPoolSize -> 3, jdbcUrl -> jdbc:mysql://192.168.0.202:3306/ebay_stopgap, loginTimeout -> 0, maxIdleTime -> 0, maxPoolSize -> 20, maxStatements -> 180, maxStatementsPerConnection -> 0, minPoolSize -> 3, numHelperThreads -> 3, preferredTestQuery -> null, properties -> {user=******, password=******}, propertyCycle -> 300, testConnectionOnCheckin -> false, testConnectionOnCheckout -> false, usesTraditionalReflectiveProxies -> false ]",
"source":"com.mchange.v2.c3p0.PoolBackedDataSource"
},

